[0.000000] (-) TimerEvent: {}
[0.000149] (-) JobUnselected: {'identifier': 'meistar_description'}
[0.000188] (ros2_autonomous_nav) JobQueued: {'identifier': 'ros2_autonomous_nav', 'dependencies': OrderedDict()}
[0.000218] (ros2_autonomous_nav) JobStarted: {'identifier': 'ros2_autonomous_nav'}
[0.099321] (-) TimerEvent: {}
[0.199552] (-) TimerEvent: {}
[0.299789] (-) TimerEvent: {}
[0.400045] (-) TimerEvent: {}
[0.500301] (-) TimerEvent: {}
[0.600590] (-) TimerEvent: {}
[0.700848] (-) TimerEvent: {}
[0.794898] (ros2_autonomous_nav) Command: {'cmd': ['/usr/bin/python3', '-W', 'ignore:setup.py install is deprecated', '-W', 'ignore:easy_install command is deprecated', 'setup.py', 'develop', '--editable', '--build-directory', '/home/so/Meistar/build/ros2_autonomous_nav/build', '--no-deps', 'symlink_data'], 'cwd': '/home/so/Meistar/build/ros2_autonomous_nav', 'env': {'LESS_TERMCAP_se': '\x1b[0m', 'GJS_DEBUG_TOPICS': 'JS ERROR;JS LOG', 'GZ_SIM_RESOURCE_PATH': '/opt/ros/jazzy/share', 'USER': 'so', 'LESS_TERMCAP_ue': '\x1b[0m', 'GZ_CONFIG_PATH': '/opt/ros/jazzy/opt/gz_sim_vendor/share/gz:/opt/ros/jazzy/opt/sdformat_vendor/share/gz:/opt/ros/jazzy/opt/gz_gui_vendor/share/gz:/opt/ros/jazzy/opt/gz_transport_vendor/share/gz:/opt/ros/jazzy/opt/gz_rendering_vendor/share/gz:/opt/ros/jazzy/opt/gz_plugin_vendor/share/gz:/opt/ros/jazzy/opt/gz_fuel_tools_vendor/share/gz:/opt/ros/jazzy/opt/gz_msgs_vendor/share/gz:/opt/ros/jazzy/opt/gz_common_vendor/share/gz', 'STARSHIP_SHELL': 'zsh', 'XDG_SESSION_TYPE': 'x11', 'GIT_ASKPASS': '/usr/share/antigravity/resources/app/extensions/git/dist/askpass.sh', 'STM32CubeMX_PATH': '/home/so/STM32CubeMX', 'FZF_DEFAULT_OPTS': "--height 40% --layout=reverse --border --preview 'batcat --color=always --style=numbers --line-range=:500 {}'", 'CLUTTER_DISABLE_MIPMAPPED_TEXT': '1', 'SHLVL': '2', 'LD_LIBRARY_PATH': '/opt/ros/jazzy/opt/gz_sim_vendor/lib:/opt/ros/jazzy/opt/gz_sensors_vendor/lib:/opt/ros/jazzy/opt/gz_physics_vendor/lib:/opt/ros/jazzy/opt/sdformat_vendor/lib:/opt/ros/jazzy/opt/rviz_ogre_vendor/lib:/opt/ros/jazzy/lib/x86_64-linux-gnu:/opt/ros/jazzy/opt/gz_gui_vendor/lib:/opt/ros/jazzy/opt/gz_transport_vendor/lib:/opt/ros/jazzy/opt/gz_rendering_vendor/lib:/opt/ros/jazzy/opt/gz_plugin_vendor/lib:/opt/ros/jazzy/opt/gz_fuel_tools_vendor/lib:/opt/ros/jazzy/opt/gz_msgs_vendor/lib:/opt/ros/jazzy/opt/gz_common_vendor/lib:/opt/ros/jazzy/opt/gz_math_vendor/lib:/opt/ros/jazzy/opt/gz_utils_vendor/lib:/opt/ros/jazzy/opt/gz_tools_vendor/lib:/opt/ros/jazzy/opt/gz_ogre_next_vendor/lib:/opt/ros/jazzy/opt/gz_dartsim_vendor/lib:/opt/ros/jazzy/opt/gz_cmake_vendor/lib:/opt/ros/jazzy/lib', 'ANTIGRAVITY_CLI_ALIAS': 'agy', 'HOME': '/home/so', 'CHROME_DESKTOP': 'antigravity.desktop', 'OLDPWD': '/home/so/Meistar/ros2-autonomous-nav', 'TERM_PROGRAM_VERSION': '1.107.0', 'DESKTOP_SESSION': 'ubuntu-xorg', 'NVM_BIN': '/home/so/.nvm/versions/node/v22.22.2/bin', 'NVM_INC': '/home/so/.nvm/versions/node/v22.22.2/include/node', 'GIO_LAUNCHED_DESKTOP_FILE': '/home/so/.local/share/applications/antigravity.desktop', 'ROS_PYTHON_VERSION': '3', 'GNOME_SHELL_SESSION_MODE': 'ubuntu', 'GTK_MODULES': 'gail:atk-bridge', 'VSCODE_GIT_ASKPASS_MAIN': '/usr/share/antigravity/resources/app/extensions/git/dist/askpass-main.js', 'LESS_TERMCAP_so': '\x1b[01;33m', 'VSCODE_GIT_ASKPASS_NODE': '/usr/share/antigravity/antigravity', 'MANAGERPID': '2996', 'SYSTEMD_EXEC_PID': '3419', 'VSCODE_PYTHON_AUTOACTIVATE_GUARD': '1', 'GSM_SKIP_SSH_AGENT_WORKAROUND': 'true', 'DBUS_SESSION_BUS_ADDRESS': 'unix:path=/run/user/1000/bus', 'COLORTERM': 'truecolor', 'GIO_LAUNCHED_DESKTOP_FILE_PID': '4798', 'NVM_DIR': '/home/so/.nvm', 'DEBUGINFOD_URLS': 'https://debuginfod.ubuntu.com', 'FZF_CTRL_T_OPTS': "--preview 'batcat --color=always --style=numbers --line-range=:500 {}'", 'ROS_DISTRO': 'jazzy', 'LOGNAME': 'so', 'LESS_TERMCAP_us': '\x1b[1;4;32m', 'JOURNAL_STREAM': '8:19208', '_': '/usr/bin/colcon', 'ROS_VERSION': '2', 'USER_ZDOTDIR': '/home/so', 'MEMORY_PRESSURE_WATCH': '/sys/fs/cgroup/user.slice/user-1000.slice/user@1000.service/session.slice/org.gnome.Shell@x11.service/memory.pressure', 'XDG_SESSION_CLASS': 'user', 'USERNAME': 'so', 'STARSHIP_DISTRO': 'jazzy', 'TERM': 'xterm-256color', 'GNOME_DESKTOP_SESSION_ID': 'this-is-deprecated', 'FC_FONTATIONS': '1', 'WINDOWPATH': '2', 'PATH': '/home/so/.local/bin:/home/so/.local/bin:/home/so/.local/bin:/home/so/.nvm/versions/node/v22.22.2/bin:/opt/ros/jazzy/opt/gz_msgs_vendor/bin:/opt/ros/jazzy/opt/gz_tools_vendor/bin:/opt/ros/jazzy/opt/gz_ogre_next_vendor/bin:/opt/ros/jazzy/bin:/home/so/.local/bin:/home/so/.local/bin:/usr/local/sbin:/usr/local/bin:/usr/sbin:/usr/bin:/sbin:/bin:/usr/games:/usr/local/games:/snap/bin:/snap/bin', 'SESSION_MANAGER': 'local/so-Lenovo-V14-G4-ABP:@/tmp/.ICE-unix/3392,unix/so-Lenovo-V14-G4-ABP:/tmp/.ICE-unix/3392', 'INVOCATION_ID': '026a584840d844cbace4509f533ec3cd', 'GTK3_MODULES': 'xapp-gtk3-module', 'XDG_MENU_PREFIX': 'gnome-', 'XDG_RUNTIME_DIR': '/run/user/1000', 'GDK_BACKEND': 'x11', 'DISPLAY': ':0', 'VSCODE_INJECTION': '1', 'LANG': 'en_US.UTF-8', 'XDG_CURRENT_DESKTOP': 'ubuntu:GNOME', 'XMODIFIERS': '@im=ibus', 'XDG_SESSION_DESKTOP': 'ubuntu-xorg', 'XAUTHORITY': '/run/user/1000/gdm/Xauthority', 'SBX_CHROME_API_RQ': '1', 'VSCODE_GIT_IPC_HANDLE': '/run/user/1000/vscode-git-801bbb7acc.sock', 'TERM_PROGRAM': 'vscode', 'SSH_AUTH_SOCK': '/run/user/1000/keyring/ssh', 'AMENT_PREFIX_PATH': '/opt/ros/jazzy', 'SHELL': '/usr/bin/zsh', 'QT_ACCESSIBILITY': '1', 'GDMSESSION': 'ubuntu-xorg', 'LESS_TERMCAP_mb': '\x1b[1;31m', 'GPG_AGENT_INFO': '/run/user/1000/gnupg/S.gpg-agent:0:1', 'GJS_DEBUG_OUTPUT': 'stderr', 'ROS_AUTOMATIC_DISCOVERY_RANGE': 'SUBNET', 'VSCODE_GIT_ASKPASS_EXTRA_ARGS': '', 'LESS_TERMCAP_md': '\x1b[1;36m', 'QT_IM_MODULE': 'ibus', 'PWD': '/home/so/Meistar/build/ros2_autonomous_nav', 'LESS_TERMCAP_me': '\x1b[0m', 'TURTLEBOT3_MODEL': 'waffle_pi', 'LC_ALL': 'en_US.UTF-8', 'XDG_CONFIG_DIRS': '/etc/xdg/xdg-ubuntu-xorg:/etc/xdg', 'ZDOTDIR': '/home/so', 'NVM_CD_FLAGS': '-q', 'XDG_DATA_DIRS': '/usr/share/ubuntu-xorg:/usr/share/gnome:/home/so/.local/share/flatpak/exports/share:/var/lib/flatpak/exports/share:/usr/local/share/:/usr/share/:/var/lib/snapd/desktop', 'STARSHIP_SESSION_KEY': '2733157237418924', 'PYTHONPATH': '/home/so/Meistar/build/ros2_autonomous_nav/prefix_override:/usr/lib/python3/dist-packages/colcon_core/task/python/colcon_distutils_commands:/home/so/Meistar/install/ros2_autonomous_nav/lib/python3.12/site-packages:/opt/ros/jazzy/lib/python3.12/site-packages', 'COLCON': '1', 'MEMORY_PRESSURE_WRITE': 'c29tZSAyMDAwMDAgMjAwMDAwMAA=', 'CMAKE_PREFIX_PATH': '/opt/ros/jazzy/opt/gz_sim_vendor:/opt/ros/jazzy/opt/gz_sensors_vendor:/opt/ros/jazzy/opt/gz_physics_vendor:/opt/ros/jazzy/opt/sdformat_vendor:/opt/ros/jazzy/opt/gz_gui_vendor:/opt/ros/jazzy/opt/gz_transport_vendor:/opt/ros/jazzy/opt/gz_rendering_vendor:/opt/ros/jazzy/opt/gz_plugin_vendor:/opt/ros/jazzy/opt/gz_fuel_tools_vendor:/opt/ros/jazzy/opt/gz_msgs_vendor:/opt/ros/jazzy/opt/gz_common_vendor:/opt/ros/jazzy/opt/gz_math_vendor:/opt/ros/jazzy/opt/gz_utils_vendor:/opt/ros/jazzy/opt/gz_tools_vendor:/opt/ros/jazzy/opt/gz_ogre_next_vendor:/opt/ros/jazzy/opt/gz_dartsim_vendor:/opt/ros/jazzy/opt/gz_cmake_vendor'}, 'shell': False}
[0.800938] (-) TimerEvent: {}
[0.901168] (-) TimerEvent: {}
[1.001426] (-) TimerEvent: {}
[1.058312] (ros2_autonomous_nav) StdoutLine: {'line': b'running develop\n'}
[1.101544] (-) TimerEvent: {}
[1.201806] (-) TimerEvent: {}
[1.221002] (ros2_autonomous_nav) StdoutLine: {'line': b'running egg_info\n'}
[1.221229] (ros2_autonomous_nav) StdoutLine: {'line': b'creating ros2_autonomous_nav.egg-info\n'}
[1.236154] (ros2_autonomous_nav) StdoutLine: {'line': b'writing ros2_autonomous_nav.egg-info/PKG-INFO\n'}
[1.236405] (ros2_autonomous_nav) StdoutLine: {'line': b'writing dependency_links to ros2_autonomous_nav.egg-info/dependency_links.txt\n'}
[1.236568] (ros2_autonomous_nav) StdoutLine: {'line': b'writing entry points to ros2_autonomous_nav.egg-info/entry_points.txt\n'}
[1.236713] (ros2_autonomous_nav) StdoutLine: {'line': b'writing requirements to ros2_autonomous_nav.egg-info/requires.txt\n'}
[1.236863] (ros2_autonomous_nav) StdoutLine: {'line': b'writing top-level names to ros2_autonomous_nav.egg-info/top_level.txt\n'}
[1.236992] (ros2_autonomous_nav) StdoutLine: {'line': b"writing manifest file 'ros2_autonomous_nav.egg-info/SOURCES.txt'\n"}
[1.252614] (ros2_autonomous_nav) StdoutLine: {'line': b"reading manifest file 'ros2_autonomous_nav.egg-info/SOURCES.txt'\n"}
[1.253160] (ros2_autonomous_nav) StdoutLine: {'line': b"writing manifest file 'ros2_autonomous_nav.egg-info/SOURCES.txt'\n"}
[1.269235] (ros2_autonomous_nav) StdoutLine: {'line': b'running build_ext\n'}
[1.284176] (ros2_autonomous_nav) StdoutLine: {'line': b'Creating /home/so/Meistar/install/ros2_autonomous_nav/lib/python3.12/site-packages/ros2-autonomous-nav.egg-link (link to .)\n'}
[1.284793] (ros2_autonomous_nav) StdoutLine: {'line': b'Installing waypoint_follower script to /home/so/Meistar/install/ros2_autonomous_nav/lib/ros2_autonomous_nav\n'}
[1.285074] (ros2_autonomous_nav) StdoutLine: {'line': b'\n'}
[1.285249] (ros2_autonomous_nav) StdoutLine: {'line': b'Installed /home/so/Meistar/build/ros2_autonomous_nav\n'}
[1.285357] (ros2_autonomous_nav) StdoutLine: {'line': b'running symlink_data\n'}
[1.285445] (ros2_autonomous_nav) StdoutLine: {'line': b'creating /home/so/Meistar/install/ros2_autonomous_nav/share/ament_index\n'}
[1.285605] (ros2_autonomous_nav) StdoutLine: {'line': b'creating /home/so/Meistar/install/ros2_autonomous_nav/share/ament_index/resource_index\n'}
[1.285700] (ros2_autonomous_nav) StdoutLine: {'line': b'creating /home/so/Meistar/install/ros2_autonomous_nav/share/ament_index/resource_index/packages\n'}
[1.285782] (ros2_autonomous_nav) StdoutLine: {'line': b'symbolically linking /home/so/Meistar/build/ros2_autonomous_nav/resource/ros2_autonomous_nav -> /home/so/Meistar/install/ros2_autonomous_nav/share/ament_index/resource_index/packages\n'}
[1.285863] (ros2_autonomous_nav) StdoutLine: {'line': b'symbolically linking /home/so/Meistar/build/ros2_autonomous_nav/package.xml -> /home/so/Meistar/install/ros2_autonomous_nav/share/ros2_autonomous_nav\n'}
[1.286005] (ros2_autonomous_nav) StdoutLine: {'line': b'creating /home/so/Meistar/install/ros2_autonomous_nav/share/ros2_autonomous_nav/launch\n'}
[1.286081] (ros2_autonomous_nav) StdoutLine: {'line': b'symbolically linking /home/so/Meistar/build/ros2_autonomous_nav/launch/slam_map.launch.py -> /home/so/Meistar/install/ros2_autonomous_nav/share/ros2_autonomous_nav/launch\n'}
[1.286150] (ros2_autonomous_nav) StdoutLine: {'line': b'symbolically linking /home/so/Meistar/build/ros2_autonomous_nav/launch/robot_nav.launch.py -> /home/so/Meistar/install/ros2_autonomous_nav/share/ros2_autonomous_nav/launch\n'}
[1.286217] (ros2_autonomous_nav) StdoutLine: {'line': b'creating /home/so/Meistar/install/ros2_autonomous_nav/share/ros2_autonomous_nav/urdf\n'}
[1.286282] (ros2_autonomous_nav) StdoutLine: {'line': b'symbolically linking /home/so/Meistar/build/ros2_autonomous_nav/urdf/my_robot_cpu.urdf -> /home/so/Meistar/install/ros2_autonomous_nav/share/ros2_autonomous_nav/urdf\n'}
[1.286409] (ros2_autonomous_nav) StdoutLine: {'line': b'symbolically linking /home/so/Meistar/build/ros2_autonomous_nav/urdf/my_robot_gpu.urdf -> /home/so/Meistar/install/ros2_autonomous_nav/share/ros2_autonomous_nav/urdf\n'}
[1.286480] (ros2_autonomous_nav) StdoutLine: {'line': b'creating /home/so/Meistar/install/ros2_autonomous_nav/share/ros2_autonomous_nav/worlds\n'}
[1.286547] (ros2_autonomous_nav) StdoutLine: {'line': b'symbolically linking /home/so/Meistar/build/ros2_autonomous_nav/worlds/nav_world.sdf -> /home/so/Meistar/install/ros2_autonomous_nav/share/ros2_autonomous_nav/worlds\n'}
[1.286613] (ros2_autonomous_nav) StdoutLine: {'line': b'creating /home/so/Meistar/install/ros2_autonomous_nav/share/ros2_autonomous_nav/config\n'}
[1.286680] (ros2_autonomous_nav) StdoutLine: {'line': b'symbolically linking /home/so/Meistar/build/ros2_autonomous_nav/config/nav2_rviz.rviz -> /home/so/Meistar/install/ros2_autonomous_nav/share/ros2_autonomous_nav/config\n'}
[1.286818] (ros2_autonomous_nav) StdoutLine: {'line': b'symbolically linking /home/so/Meistar/build/ros2_autonomous_nav/config/nav2_params.yaml -> /home/so/Meistar/install/ros2_autonomous_nav/share/ros2_autonomous_nav/config\n'}
[1.286934] (ros2_autonomous_nav) StdoutLine: {'line': b'symbolically linking /home/so/Meistar/build/ros2_autonomous_nav/config/mapper_params_online_async.yaml -> /home/so/Meistar/install/ros2_autonomous_nav/share/ros2_autonomous_nav/config\n'}
[1.287032] (ros2_autonomous_nav) StdoutLine: {'line': b'creating /home/so/Meistar/install/ros2_autonomous_nav/share/ros2_autonomous_nav/maps\n'}
[1.287109] (ros2_autonomous_nav) StdoutLine: {'line': b'symbolically linking /home/so/Meistar/build/ros2_autonomous_nav/maps/nav_world.pgm -> /home/so/Meistar/install/ros2_autonomous_nav/share/ros2_autonomous_nav/maps\n'}
[1.287179] (ros2_autonomous_nav) StdoutLine: {'line': b'symbolically linking /home/so/Meistar/build/ros2_autonomous_nav/maps/nav_world.yaml -> /home/so/Meistar/install/ros2_autonomous_nav/share/ros2_autonomous_nav/maps\n'}
[1.287246] (ros2_autonomous_nav) StdoutLine: {'line': b'creating /home/so/Meistar/install/ros2_autonomous_nav/share/ros2_autonomous_nav/scripts\n'}
[1.287314] (ros2_autonomous_nav) StdoutLine: {'line': b'symbolically linking /home/so/Meistar/build/ros2_autonomous_nav/scripts/generate_map.py -> /home/so/Meistar/install/ros2_autonomous_nav/share/ros2_autonomous_nav/scripts\n'}
[1.287414] (ros2_autonomous_nav) StdoutLine: {'line': b'symbolically linking /home/so/Meistar/build/ros2_autonomous_nav/scripts/waypoint_follower.py -> /home/so/Meistar/install/ros2_autonomous_nav/share/ros2_autonomous_nav/scripts\n'}
[1.301901] (-) TimerEvent: {}
[1.315379] (ros2_autonomous_nav) CommandEnded: {'returncode': 0}
[1.324566] (ros2_autonomous_nav) JobEnded: {'identifier': 'ros2_autonomous_nav', 'rc': 0}
[1.325132] (-) EventReactorShutdown: {}
