[0.009s] Invoking command in '/home/so/Meistar/build/meistar_description': CMAKE_PREFIX_PATH=${CMAKE_PREFIX_PATH}:/opt/ros/jazzy DEBUGINFOD_URLS=https://debuginfod.ubuntu.com /usr/bin/cmake --build /home/so/Meistar/build/meistar_description -- -j12 -l12
[0.051s] Invoked command in '/home/so/Meistar/build/meistar_description' returned '0': CMAKE_PREFIX_PATH=${CMAKE_PREFIX_PATH}:/opt/ros/jazzy DEBUGINFOD_URLS=https://debuginfod.ubuntu.com /usr/bin/cmake --build /home/so/Meistar/build/meistar_description -- -j12 -l12
[0.062s] Invoking command in '/home/so/Meistar/build/meistar_description': CMAKE_PREFIX_PATH=${CMAKE_PREFIX_PATH}:/opt/ros/jazzy DEBUGINFOD_URLS=https://debuginfod.ubuntu.com /usr/bin/cmake --install /home/so/Meistar/build/meistar_description
[0.071s] -- Install configuration: ""
[0.071s] -- Execute custom install script
[0.071s] -- Up-to-date symlink: /home/so/Meistar/install/meistar_description/share/meistar_description/urdf/robot.urdf.xacro
[0.071s] -- Up-to-date symlink: /home/so/Meistar/install/meistar_description/share/meistar_description/launch/all_system.launch.py
[0.072s] -- Up-to-date symlink: /home/so/Meistar/install/meistar_description/share/meistar_description/launch/spawn.launch.py
[0.072s] -- Up-to-date symlink: /home/so/Meistar/install/meistar_description/share/meistar_description/config/bridge.yaml
[0.072s] -- Up-to-date symlink: /home/so/Meistar/install/meistar_description/share/meistar_description/config/nav2_params.yaml
[0.072s] -- Up-to-date symlink: /home/so/Meistar/install/meistar_description/share/meistar_description/config/params.yaml
[0.072s] -- Up-to-date symlink: /home/so/Meistar/install/meistar_description/share/ament_index/resource_index/package_run_dependencies/meistar_description
[0.073s] -- Up-to-date symlink: /home/so/Meistar/install/meistar_description/share/ament_index/resource_index/parent_prefix_path/meistar_description
[0.073s] -- Up-to-date symlink: /home/so/Meistar/install/meistar_description/share/meistar_description/environment/ament_prefix_path.sh
[0.073s] -- Up-to-date symlink: /home/so/Meistar/install/meistar_description/share/meistar_description/environment/ament_prefix_path.dsv
[0.073s] -- Up-to-date symlink: /home/so/Meistar/install/meistar_description/share/meistar_description/environment/path.sh
[0.073s] -- Up-to-date symlink: /home/so/Meistar/install/meistar_description/share/meistar_description/environment/path.dsv
[0.074s] -- Up-to-date symlink: /home/so/Meistar/install/meistar_description/share/meistar_description/local_setup.bash
[0.074s] -- Up-to-date symlink: /home/so/Meistar/install/meistar_description/share/meistar_description/local_setup.sh
[0.074s] -- Up-to-date symlink: /home/so/Meistar/install/meistar_description/share/meistar_description/local_setup.zsh
[0.074s] -- Up-to-date symlink: /home/so/Meistar/install/meistar_description/share/meistar_description/local_setup.dsv
[0.074s] -- Symlinking: /home/so/Meistar/install/meistar_description/share/meistar_description/package.dsv
[0.084s] -- Up-to-date symlink: /home/so/Meistar/install/meistar_description/share/ament_index/resource_index/packages/meistar_description
[0.084s] -- Up-to-date symlink: /home/so/Meistar/install/meistar_description/share/meistar_description/cmake/meistar_descriptionConfig.cmake
[0.084s] -- Up-to-date symlink: /home/so/Meistar/install/meistar_description/share/meistar_description/cmake/meistar_descriptionConfig-version.cmake
[0.084s] -- Up-to-date symlink: /home/so/Meistar/install/meistar_description/share/meistar_description/package.xml
[0.086s] Invoked command in '/home/so/Meistar/build/meistar_description' returned '0': CMAKE_PREFIX_PATH=${CMAKE_PREFIX_PATH}:/opt/ros/jazzy DEBUGINFOD_URLS=https://debuginfod.ubuntu.com /usr/bin/cmake --install /home/so/Meistar/build/meistar_description
