[0.017s] Invoking command in '/home/so/Meistar/build/meistar_description': CMAKE_PREFIX_PATH=${CMAKE_PREFIX_PATH}:/opt/ros/jazzy DEBUGINFOD_URLS=https://debuginfod.ubuntu.com /usr/bin/cmake /home/so/Meistar/src/meistar_description -DAMENT_CMAKE_SYMLINK_INSTALL=1 -DCMAKE_INSTALL_PREFIX=/home/so/Meistar/install/meistar_description
[0.187s] -- The C compiler identification is GNU 13.3.0
[0.336s] -- The CXX compiler identification is GNU 13.3.0
[0.373s] -- Detecting C compiler ABI info
[0.557s] -- Detecting C compiler ABI info - done
[0.574s] -- Check for working C compiler: /usr/bin/cc - skipped
[0.574s] -- Detecting C compile features
[0.576s] -- Detecting C compile features - done
[0.594s] -- Detecting CXX compiler ABI info
[0.795s] -- Detecting CXX compiler ABI info - done
[0.814s] -- Check for working CXX compiler: /usr/bin/c++ - skipped
[0.814s] -- Detecting CXX compile features
[0.815s] -- Detecting CXX compile features - done
[0.831s] -- Found ament_cmake: 2.5.6 (/opt/ros/jazzy/share/ament_cmake/cmake)
[1.129s] -- Found Python3: /usr/bin/python3 (found version "3.12.3") found components: Interpreter 
[1.270s] -- Override CMake install command with custom implementation using symlinks instead of copying resources
[1.394s] -- Found urdf: 2.10.0 (/opt/ros/jazzy/share/urdf/cmake)
[1.511s] -- Found TinyXML2 via Config file: /usr/lib/x86_64-linux-gnu/cmake/tinyxml2
[1.546s] -- Found xacro: 2.1.1 (/opt/ros/jazzy/share/xacro/cmake)
[1.554s] -- Found ament_lint_auto: 0.17.5 (/opt/ros/jazzy/share/ament_lint_auto/cmake)
[1.753s] -- Configuring done (1.7s)
[1.760s] -- Generating done (0.0s)
[1.763s] -- Build files have been written to: /home/so/Meistar/build/meistar_description
[1.775s] Invoked command in '/home/so/Meistar/build/meistar_description' returned '0': CMAKE_PREFIX_PATH=${CMAKE_PREFIX_PATH}:/opt/ros/jazzy DEBUGINFOD_URLS=https://debuginfod.ubuntu.com /usr/bin/cmake /home/so/Meistar/src/meistar_description -DAMENT_CMAKE_SYMLINK_INSTALL=1 -DCMAKE_INSTALL_PREFIX=/home/so/Meistar/install/meistar_description
[1.778s] Invoking command in '/home/so/Meistar/build/meistar_description': CMAKE_PREFIX_PATH=${CMAKE_PREFIX_PATH}:/opt/ros/jazzy DEBUGINFOD_URLS=https://debuginfod.ubuntu.com /usr/bin/cmake --build /home/so/Meistar/build/meistar_description -- -j12 -l12
[1.862s] Invoked command in '/home/so/Meistar/build/meistar_description' returned '0': CMAKE_PREFIX_PATH=${CMAKE_PREFIX_PATH}:/opt/ros/jazzy DEBUGINFOD_URLS=https://debuginfod.ubuntu.com /usr/bin/cmake --build /home/so/Meistar/build/meistar_description -- -j12 -l12
[1.883s] Invoking command in '/home/so/Meistar/build/meistar_description': CMAKE_PREFIX_PATH=${CMAKE_PREFIX_PATH}:/opt/ros/jazzy DEBUGINFOD_URLS=https://debuginfod.ubuntu.com /usr/bin/cmake --install /home/so/Meistar/build/meistar_description
[1.901s] -- Install configuration: ""
[1.901s] -- Execute custom install script
[1.902s] -- Symlinking: /home/so/Meistar/install/meistar_description/share/meistar_description/urdf/robot.urdf.xacro
[1.922s] -- Symlinking: /home/so/Meistar/install/meistar_description/share/meistar_description/launch/all_system.launch.py
[1.942s] -- Symlinking: /home/so/Meistar/install/meistar_description/share/meistar_description/launch/spawn.launch.py
[1.963s] -- Symlinking: /home/so/Meistar/install/meistar_description/share/meistar_description/config/bridge.yaml
[1.982s] -- Symlinking: /home/so/Meistar/install/meistar_description/share/meistar_description/config/nav2_params.yaml
[2.002s] -- Symlinking: /home/so/Meistar/install/meistar_description/share/meistar_description/config/params.yaml
[2.023s] -- Symlinking: /home/so/Meistar/install/meistar_description/share/meistar_description/worlds/my_world.sdf
[2.044s] -- Symlinking: /home/so/Meistar/install/meistar_description/share/ament_index/resource_index/package_run_dependencies/meistar_description
[2.064s] -- Symlinking: /home/so/Meistar/install/meistar_description/share/ament_index/resource_index/parent_prefix_path/meistar_description
[2.085s] -- Symlinking: /home/so/Meistar/install/meistar_description/share/meistar_description/environment/ament_prefix_path.sh
[2.105s] -- Symlinking: /home/so/Meistar/install/meistar_description/share/meistar_description/environment/ament_prefix_path.dsv
[2.124s] -- Symlinking: /home/so/Meistar/install/meistar_description/share/meistar_description/environment/path.sh
[2.143s] -- Symlinking: /home/so/Meistar/install/meistar_description/share/meistar_description/environment/path.dsv
[2.163s] -- Symlinking: /home/so/Meistar/install/meistar_description/share/meistar_description/local_setup.bash
[2.182s] -- Symlinking: /home/so/Meistar/install/meistar_description/share/meistar_description/local_setup.sh
[2.202s] -- Symlinking: /home/so/Meistar/install/meistar_description/share/meistar_description/local_setup.zsh
[2.222s] -- Symlinking: /home/so/Meistar/install/meistar_description/share/meistar_description/local_setup.dsv
[2.242s] -- Symlinking: /home/so/Meistar/install/meistar_description/share/meistar_description/package.dsv
[2.262s] -- Symlinking: /home/so/Meistar/install/meistar_description/share/ament_index/resource_index/packages/meistar_description
[2.282s] -- Symlinking: /home/so/Meistar/install/meistar_description/share/meistar_description/cmake/meistar_descriptionConfig.cmake
[2.303s] -- Symlinking: /home/so/Meistar/install/meistar_description/share/meistar_description/cmake/meistar_descriptionConfig-version.cmake
[2.322s] -- Symlinking: /home/so/Meistar/install/meistar_description/share/meistar_description/package.xml
[2.346s] Invoked command in '/home/so/Meistar/build/meistar_description' returned '0': CMAKE_PREFIX_PATH=${CMAKE_PREFIX_PATH}:/opt/ros/jazzy DEBUGINFOD_URLS=https://debuginfod.ubuntu.com /usr/bin/cmake --install /home/so/Meistar/build/meistar_description
