running develop
running egg_info
creating ros2_autonomous_nav.egg-info
writing ros2_autonomous_nav.egg-info/PKG-INFO
writing dependency_links to ros2_autonomous_nav.egg-info/dependency_links.txt
writing entry points to ros2_autonomous_nav.egg-info/entry_points.txt
writing requirements to ros2_autonomous_nav.egg-info/requires.txt
writing top-level names to ros2_autonomous_nav.egg-info/top_level.txt
writing manifest file 'ros2_autonomous_nav.egg-info/SOURCES.txt'
reading manifest file 'ros2_autonomous_nav.egg-info/SOURCES.txt'
writing manifest file 'ros2_autonomous_nav.egg-info/SOURCES.txt'
running build_ext
Creating /home/so/Meistar/install/ros2_autonomous_nav/lib/python3.12/site-packages/ros2-autonomous-nav.egg-link (link to .)
Installing waypoint_follower script to /home/so/Meistar/install/ros2_autonomous_nav/lib/ros2_autonomous_nav

Installed /home/so/Meistar/build/ros2_autonomous_nav
running symlink_data
creating /home/so/Meistar/install/ros2_autonomous_nav/share/ament_index
creating /home/so/Meistar/install/ros2_autonomous_nav/share/ament_index/resource_index
creating /home/so/Meistar/install/ros2_autonomous_nav/share/ament_index/resource_index/packages
symbolically linking /home/so/Meistar/build/ros2_autonomous_nav/resource/ros2_autonomous_nav -> /home/so/Meistar/install/ros2_autonomous_nav/share/ament_index/resource_index/packages
symbolically linking /home/so/Meistar/build/ros2_autonomous_nav/package.xml -> /home/so/Meistar/install/ros2_autonomous_nav/share/ros2_autonomous_nav
creating /home/so/Meistar/install/ros2_autonomous_nav/share/ros2_autonomous_nav/launch
symbolically linking /home/so/Meistar/build/ros2_autonomous_nav/launch/slam_map.launch.py -> /home/so/Meistar/install/ros2_autonomous_nav/share/ros2_autonomous_nav/launch
symbolically linking /home/so/Meistar/build/ros2_autonomous_nav/launch/robot_nav.launch.py -> /home/so/Meistar/install/ros2_autonomous_nav/share/ros2_autonomous_nav/launch
creating /home/so/Meistar/install/ros2_autonomous_nav/share/ros2_autonomous_nav/urdf
symbolically linking /home/so/Meistar/build/ros2_autonomous_nav/urdf/my_robot_cpu.urdf -> /home/so/Meistar/install/ros2_autonomous_nav/share/ros2_autonomous_nav/urdf
symbolically linking /home/so/Meistar/build/ros2_autonomous_nav/urdf/my_robot_gpu.urdf -> /home/so/Meistar/install/ros2_autonomous_nav/share/ros2_autonomous_nav/urdf
creating /home/so/Meistar/install/ros2_autonomous_nav/share/ros2_autonomous_nav/worlds
symbolically linking /home/so/Meistar/build/ros2_autonomous_nav/worlds/nav_world.sdf -> /home/so/Meistar/install/ros2_autonomous_nav/share/ros2_autonomous_nav/worlds
creating /home/so/Meistar/install/ros2_autonomous_nav/share/ros2_autonomous_nav/config
symbolically linking /home/so/Meistar/build/ros2_autonomous_nav/config/nav2_rviz.rviz -> /home/so/Meistar/install/ros2_autonomous_nav/share/ros2_autonomous_nav/config
symbolically linking /home/so/Meistar/build/ros2_autonomous_nav/config/nav2_params.yaml -> /home/so/Meistar/install/ros2_autonomous_nav/share/ros2_autonomous_nav/config
symbolically linking /home/so/Meistar/build/ros2_autonomous_nav/config/mapper_params_online_async.yaml -> /home/so/Meistar/install/ros2_autonomous_nav/share/ros2_autonomous_nav/config
creating /home/so/Meistar/install/ros2_autonomous_nav/share/ros2_autonomous_nav/maps
symbolically linking /home/so/Meistar/build/ros2_autonomous_nav/maps/nav_world.pgm -> /home/so/Meistar/install/ros2_autonomous_nav/share/ros2_autonomous_nav/maps
symbolically linking /home/so/Meistar/build/ros2_autonomous_nav/maps/nav_world.yaml -> /home/so/Meistar/install/ros2_autonomous_nav/share/ros2_autonomous_nav/maps
creating /home/so/Meistar/install/ros2_autonomous_nav/share/ros2_autonomous_nav/scripts
symbolically linking /home/so/Meistar/build/ros2_autonomous_nav/scripts/generate_map.py -> /home/so/Meistar/install/ros2_autonomous_nav/share/ros2_autonomous_nav/scripts
symbolically linking /home/so/Meistar/build/ros2_autonomous_nav/scripts/waypoint_follower.py -> /home/so/Meistar/install/ros2_autonomous_nav/share/ros2_autonomous_nav/scripts
