[0.796s] Invoking command in '/home/so/Meistar/build/ros2_autonomous_nav': DEBUGINFOD_URLS=https://debuginfod.ubuntu.com PYTHONPATH=/home/so/Meistar/build/ros2_autonomous_nav/prefix_override:/usr/lib/python3/dist-packages/colcon_core/task/python/colcon_distutils_commands:/home/so/Meistar/install/ros2_autonomous_nav/lib/python3.12/site-packages:${PYTHONPATH} /usr/bin/python3 -W ignore:setup.py install is deprecated -W ignore:easy_install command is deprecated setup.py develop --editable --build-directory /home/so/Meistar/build/ros2_autonomous_nav/build --no-deps symlink_data
[1.058s] running develop
[1.221s] running egg_info
[1.221s] creating ros2_autonomous_nav.egg-info
[1.236s] writing ros2_autonomous_nav.egg-info/PKG-INFO
[1.236s] writing dependency_links to ros2_autonomous_nav.egg-info/dependency_links.txt
[1.236s] writing entry points to ros2_autonomous_nav.egg-info/entry_points.txt
[1.237s] writing requirements to ros2_autonomous_nav.egg-info/requires.txt
[1.237s] writing top-level names to ros2_autonomous_nav.egg-info/top_level.txt
[1.237s] writing manifest file 'ros2_autonomous_nav.egg-info/SOURCES.txt'
[1.252s] reading manifest file 'ros2_autonomous_nav.egg-info/SOURCES.txt'
[1.253s] writing manifest file 'ros2_autonomous_nav.egg-info/SOURCES.txt'
[1.269s] running build_ext
[1.284s] Creating /home/so/Meistar/install/ros2_autonomous_nav/lib/python3.12/site-packages/ros2-autonomous-nav.egg-link (link to .)
[1.285s] Installing waypoint_follower script to /home/so/Meistar/install/ros2_autonomous_nav/lib/ros2_autonomous_nav
[1.285s] 
[1.285s] Installed /home/so/Meistar/build/ros2_autonomous_nav
[1.285s] running symlink_data
[1.285s] creating /home/so/Meistar/install/ros2_autonomous_nav/share/ament_index
[1.285s] creating /home/so/Meistar/install/ros2_autonomous_nav/share/ament_index/resource_index
[1.286s] creating /home/so/Meistar/install/ros2_autonomous_nav/share/ament_index/resource_index/packages
[1.286s] symbolically linking /home/so/Meistar/build/ros2_autonomous_nav/resource/ros2_autonomous_nav -> /home/so/Meistar/install/ros2_autonomous_nav/share/ament_index/resource_index/packages
[1.286s] symbolically linking /home/so/Meistar/build/ros2_autonomous_nav/package.xml -> /home/so/Meistar/install/ros2_autonomous_nav/share/ros2_autonomous_nav
[1.286s] creating /home/so/Meistar/install/ros2_autonomous_nav/share/ros2_autonomous_nav/launch
[1.286s] symbolically linking /home/so/Meistar/build/ros2_autonomous_nav/launch/slam_map.launch.py -> /home/so/Meistar/install/ros2_autonomous_nav/share/ros2_autonomous_nav/launch
[1.286s] symbolically linking /home/so/Meistar/build/ros2_autonomous_nav/launch/robot_nav.launch.py -> /home/so/Meistar/install/ros2_autonomous_nav/share/ros2_autonomous_nav/launch
[1.286s] creating /home/so/Meistar/install/ros2_autonomous_nav/share/ros2_autonomous_nav/urdf
[1.286s] symbolically linking /home/so/Meistar/build/ros2_autonomous_nav/urdf/my_robot_cpu.urdf -> /home/so/Meistar/install/ros2_autonomous_nav/share/ros2_autonomous_nav/urdf
[1.286s] symbolically linking /home/so/Meistar/build/ros2_autonomous_nav/urdf/my_robot_gpu.urdf -> /home/so/Meistar/install/ros2_autonomous_nav/share/ros2_autonomous_nav/urdf
[1.286s] creating /home/so/Meistar/install/ros2_autonomous_nav/share/ros2_autonomous_nav/worlds
[1.286s] symbolically linking /home/so/Meistar/build/ros2_autonomous_nav/worlds/nav_world.sdf -> /home/so/Meistar/install/ros2_autonomous_nav/share/ros2_autonomous_nav/worlds
[1.286s] creating /home/so/Meistar/install/ros2_autonomous_nav/share/ros2_autonomous_nav/config
[1.287s] symbolically linking /home/so/Meistar/build/ros2_autonomous_nav/config/nav2_rviz.rviz -> /home/so/Meistar/install/ros2_autonomous_nav/share/ros2_autonomous_nav/config
[1.287s] symbolically linking /home/so/Meistar/build/ros2_autonomous_nav/config/nav2_params.yaml -> /home/so/Meistar/install/ros2_autonomous_nav/share/ros2_autonomous_nav/config
[1.287s] symbolically linking /home/so/Meistar/build/ros2_autonomous_nav/config/mapper_params_online_async.yaml -> /home/so/Meistar/install/ros2_autonomous_nav/share/ros2_autonomous_nav/config
[1.287s] creating /home/so/Meistar/install/ros2_autonomous_nav/share/ros2_autonomous_nav/maps
[1.287s] symbolically linking /home/so/Meistar/build/ros2_autonomous_nav/maps/nav_world.pgm -> /home/so/Meistar/install/ros2_autonomous_nav/share/ros2_autonomous_nav/maps
[1.287s] symbolically linking /home/so/Meistar/build/ros2_autonomous_nav/maps/nav_world.yaml -> /home/so/Meistar/install/ros2_autonomous_nav/share/ros2_autonomous_nav/maps
[1.287s] creating /home/so/Meistar/install/ros2_autonomous_nav/share/ros2_autonomous_nav/scripts
[1.287s] symbolically linking /home/so/Meistar/build/ros2_autonomous_nav/scripts/generate_map.py -> /home/so/Meistar/install/ros2_autonomous_nav/share/ros2_autonomous_nav/scripts
[1.287s] symbolically linking /home/so/Meistar/build/ros2_autonomous_nav/scripts/waypoint_follower.py -> /home/so/Meistar/install/ros2_autonomous_nav/share/ros2_autonomous_nav/scripts
[1.315s] Invoked command in '/home/so/Meistar/build/ros2_autonomous_nav' returned '0': DEBUGINFOD_URLS=https://debuginfod.ubuntu.com PYTHONPATH=/home/so/Meistar/build/ros2_autonomous_nav/prefix_override:/usr/lib/python3/dist-packages/colcon_core/task/python/colcon_distutils_commands:/home/so/Meistar/install/ros2_autonomous_nav/lib/python3.12/site-packages:${PYTHONPATH} /usr/bin/python3 -W ignore:setup.py install is deprecated -W ignore:easy_install command is deprecated setup.py develop --editable --build-directory /home/so/Meistar/build/ros2_autonomous_nav/build --no-deps symlink_data
