[0.659s] Invoking command in '/home/so/Meistar/build/ros2_autonomous_nav': DEBUGINFOD_URLS=https://debuginfod.ubuntu.com PYTHONPATH=/home/so/Meistar/build/ros2_autonomous_nav/prefix_override:/usr/lib/python3/dist-packages/colcon_core/task/python/colcon_distutils_commands:/home/so/Meistar/install/ros2_autonomous_nav/lib/python3.12/site-packages:${PYTHONPATH} /usr/bin/python3 -W ignore:setup.py install is deprecated -W ignore:easy_install command is deprecated setup.py develop --editable --build-directory /home/so/Meistar/build/ros2_autonomous_nav/build --no-deps symlink_data
[0.926s] running develop
[1.093s] running egg_info
[1.110s] writing ros2_autonomous_nav.egg-info/PKG-INFO
[1.110s] writing dependency_links to ros2_autonomous_nav.egg-info/dependency_links.txt
[1.110s] writing entry points to ros2_autonomous_nav.egg-info/entry_points.txt
[1.110s] writing requirements to ros2_autonomous_nav.egg-info/requires.txt
[1.110s] writing top-level names to ros2_autonomous_nav.egg-info/top_level.txt
[1.127s] reading manifest file 'ros2_autonomous_nav.egg-info/SOURCES.txt'
[1.128s] writing manifest file 'ros2_autonomous_nav.egg-info/SOURCES.txt'
[1.145s] running build_ext
[1.162s] Creating /home/so/Meistar/install/ros2_autonomous_nav/lib/python3.12/site-packages/ros2-autonomous-nav.egg-link (link to .)
[1.163s] Installing waypoint_follower script to /home/so/Meistar/install/ros2_autonomous_nav/lib/ros2_autonomous_nav
[1.163s] 
[1.163s] Installed /home/so/Meistar/build/ros2_autonomous_nav
[1.163s] running symlink_data
[1.163s] symbolically linking /home/so/Meistar/build/ros2_autonomous_nav/launch/real_robot.launch.py -> /home/so/Meistar/install/ros2_autonomous_nav/share/ros2_autonomous_nav/launch
[1.163s] symbolically linking /home/so/Meistar/build/ros2_autonomous_nav/config/real_mapper_params_online_async.yaml -> /home/so/Meistar/install/ros2_autonomous_nav/share/ros2_autonomous_nav/config
[1.164s] symbolically linking /home/so/Meistar/build/ros2_autonomous_nav/config/real_nav2_params.yaml -> /home/so/Meistar/install/ros2_autonomous_nav/share/ros2_autonomous_nav/config
[1.203s] Invoked command in '/home/so/Meistar/build/ros2_autonomous_nav' returned '0': DEBUGINFOD_URLS=https://debuginfod.ubuntu.com PYTHONPATH=/home/so/Meistar/build/ros2_autonomous_nav/prefix_override:/usr/lib/python3/dist-packages/colcon_core/task/python/colcon_distutils_commands:/home/so/Meistar/install/ros2_autonomous_nav/lib/python3.12/site-packages:${PYTHONPATH} /usr/bin/python3 -W ignore:setup.py install is deprecated -W ignore:easy_install command is deprecated setup.py develop --editable --build-directory /home/so/Meistar/build/ros2_autonomous_nav/build --no-deps symlink_data
