-- The C compiler identification is GNU 13.3.0
-- The CXX compiler identification is GNU 13.3.0
-- Detecting C compiler ABI info
-- Detecting C compiler ABI info - done
-- Check for working C compiler: /usr/bin/cc - skipped
-- Detecting C compile features
-- Detecting C compile features - done
-- Detecting CXX compiler ABI info
-- Detecting CXX compiler ABI info - done
-- Check for working CXX compiler: /usr/bin/c++ - skipped
-- Detecting CXX compile features
-- Detecting CXX compile features - done
-- Found ament_cmake: 2.5.6 (/opt/ros/jazzy/share/ament_cmake/cmake)
-- Found Python3: /usr/bin/python3 (found version "3.12.3") found components: Interpreter 
-- Override CMake install command with custom implementation using symlinks instead of copying resources
-- Found urdf: 2.10.0 (/opt/ros/jazzy/share/urdf/cmake)
-- Found TinyXML2 via Config file: /usr/lib/x86_64-linux-gnu/cmake/tinyxml2
-- Found xacro: 2.1.1 (/opt/ros/jazzy/share/xacro/cmake)
-- Found ament_lint_auto: 0.17.5 (/opt/ros/jazzy/share/ament_lint_auto/cmake)
-- Configuring done (1.8s)
-- Generating done (0.0s)
-- Build files have been written to: /home/so/Meistar/build/meistar_description
-- Install configuration: ""
-- Execute custom install script
-- Symlinking: /home/so/Meistar/install/meistar_description/share/meistar_description/urdf/robot.urdf.xacro
-- Symlinking: /home/so/Meistar/install/meistar_description/share/meistar_description/launch/spawn.launch.py
-- Symlinking: /home/so/Meistar/install/meistar_description/share/meistar_description/config/bridge.yaml
-- Symlinking: /home/so/Meistar/install/meistar_description/share/meistar_description/config/params.yaml
-- Symlinking: /home/so/Meistar/install/meistar_description/share/ament_index/resource_index/package_run_dependencies/meistar_description
-- Symlinking: /home/so/Meistar/install/meistar_description/share/ament_index/resource_index/parent_prefix_path/meistar_description
-- Symlinking: /home/so/Meistar/install/meistar_description/share/meistar_description/environment/ament_prefix_path.sh
-- Symlinking: /home/so/Meistar/install/meistar_description/share/meistar_description/environment/ament_prefix_path.dsv
-- Symlinking: /home/so/Meistar/install/meistar_description/share/meistar_description/environment/path.sh
-- Symlinking: /home/so/Meistar/install/meistar_description/share/meistar_description/environment/path.dsv
-- Symlinking: /home/so/Meistar/install/meistar_description/share/meistar_description/local_setup.bash
-- Symlinking: /home/so/Meistar/install/meistar_description/share/meistar_description/local_setup.sh
-- Symlinking: /home/so/Meistar/install/meistar_description/share/meistar_description/local_setup.zsh
-- Symlinking: /home/so/Meistar/install/meistar_description/share/meistar_description/local_setup.dsv
-- Symlinking: /home/so/Meistar/install/meistar_description/share/meistar_description/package.dsv
-- Symlinking: /home/so/Meistar/install/meistar_description/share/ament_index/resource_index/packages/meistar_description
-- Symlinking: /home/so/Meistar/install/meistar_description/share/meistar_description/cmake/meistar_descriptionConfig.cmake
-- Symlinking: /home/so/Meistar/install/meistar_description/share/meistar_description/cmake/meistar_descriptionConfig-version.cmake
-- Symlinking: /home/so/Meistar/install/meistar_description/share/meistar_description/package.xml
