[0.022s] Invoking command in '/home/so/Meistar/build/meistar_description': CMAKE_PREFIX_PATH=${CMAKE_PREFIX_PATH}:/opt/ros/jazzy DEBUGINFOD_URLS=https://debuginfod.ubuntu.com /usr/bin/cmake /home/so/Meistar/src/meistar_description -DAMENT_CMAKE_SYMLINK_INSTALL=1 -DCMAKE_INSTALL_PREFIX=/home/so/Meistar/install/meistar_description
[0.206s] -- The C compiler identification is GNU 13.3.0
[0.363s] -- The CXX compiler identification is GNU 13.3.0
[0.404s] -- Detecting C compiler ABI info
[0.601s] -- Detecting C compiler ABI info - done
[0.619s] -- Check for working C compiler: /usr/bin/cc - skipped
[0.620s] -- Detecting C compile features
[0.621s] -- Detecting C compile features - done
[0.642s] -- Detecting CXX compiler ABI info
[0.854s] -- Detecting CXX compiler ABI info - done
[0.873s] -- Check for working CXX compiler: /usr/bin/c++ - skipped
[0.873s] -- Detecting CXX compile features
[0.874s] -- Detecting CXX compile features - done
[0.906s] -- Found ament_cmake: 2.5.6 (/opt/ros/jazzy/share/ament_cmake/cmake)
[1.228s] -- Found Python3: /usr/bin/python3 (found version "3.12.3") found components: Interpreter 
[1.385s] -- Override CMake install command with custom implementation using symlinks instead of copying resources
[1.507s] -- Found urdf: 2.10.0 (/opt/ros/jazzy/share/urdf/cmake)
[1.634s] -- Found TinyXML2 via Config file: /usr/lib/x86_64-linux-gnu/cmake/tinyxml2
[1.672s] -- Found xacro: 2.1.1 (/opt/ros/jazzy/share/xacro/cmake)
[1.681s] -- Found ament_lint_auto: 0.17.5 (/opt/ros/jazzy/share/ament_lint_auto/cmake)
[1.888s] -- Configuring done (1.8s)
[1.896s] -- Generating done (0.0s)
[1.899s] -- Build files have been written to: /home/so/Meistar/build/meistar_description
[1.915s] Invoked command in '/home/so/Meistar/build/meistar_description' returned '0': CMAKE_PREFIX_PATH=${CMAKE_PREFIX_PATH}:/opt/ros/jazzy DEBUGINFOD_URLS=https://debuginfod.ubuntu.com /usr/bin/cmake /home/so/Meistar/src/meistar_description -DAMENT_CMAKE_SYMLINK_INSTALL=1 -DCMAKE_INSTALL_PREFIX=/home/so/Meistar/install/meistar_description
[1.918s] Invoking command in '/home/so/Meistar/build/meistar_description': CMAKE_PREFIX_PATH=${CMAKE_PREFIX_PATH}:/opt/ros/jazzy DEBUGINFOD_URLS=https://debuginfod.ubuntu.com /usr/bin/cmake --build /home/so/Meistar/build/meistar_description -- -j12 -l12
[2.015s] Invoked command in '/home/so/Meistar/build/meistar_description' returned '0': CMAKE_PREFIX_PATH=${CMAKE_PREFIX_PATH}:/opt/ros/jazzy DEBUGINFOD_URLS=https://debuginfod.ubuntu.com /usr/bin/cmake --build /home/so/Meistar/build/meistar_description -- -j12 -l12
[2.037s] Invoking command in '/home/so/Meistar/build/meistar_description': CMAKE_PREFIX_PATH=${CMAKE_PREFIX_PATH}:/opt/ros/jazzy DEBUGINFOD_URLS=https://debuginfod.ubuntu.com /usr/bin/cmake --install /home/so/Meistar/build/meistar_description
[2.060s] -- Install configuration: ""
[2.061s] -- Execute custom install script
[2.061s] -- Symlinking: /home/so/Meistar/install/meistar_description/share/meistar_description/urdf/robot.urdf.xacro
[2.084s] -- Symlinking: /home/so/Meistar/install/meistar_description/share/meistar_description/launch/spawn.launch.py
[2.108s] -- Symlinking: /home/so/Meistar/install/meistar_description/share/meistar_description/config/bridge.yaml
[2.130s] -- Symlinking: /home/so/Meistar/install/meistar_description/share/meistar_description/config/params.yaml
[2.157s] -- Symlinking: /home/so/Meistar/install/meistar_description/share/ament_index/resource_index/package_run_dependencies/meistar_description
[2.180s] -- Symlinking: /home/so/Meistar/install/meistar_description/share/ament_index/resource_index/parent_prefix_path/meistar_description
[2.201s] -- Symlinking: /home/so/Meistar/install/meistar_description/share/meistar_description/environment/ament_prefix_path.sh
[2.224s] -- Symlinking: /home/so/Meistar/install/meistar_description/share/meistar_description/environment/ament_prefix_path.dsv
[2.246s] -- Symlinking: /home/so/Meistar/install/meistar_description/share/meistar_description/environment/path.sh
[2.269s] -- Symlinking: /home/so/Meistar/install/meistar_description/share/meistar_description/environment/path.dsv
[2.290s] -- Symlinking: /home/so/Meistar/install/meistar_description/share/meistar_description/local_setup.bash
[2.314s] -- Symlinking: /home/so/Meistar/install/meistar_description/share/meistar_description/local_setup.sh
[2.337s] -- Symlinking: /home/so/Meistar/install/meistar_description/share/meistar_description/local_setup.zsh
[2.359s] -- Symlinking: /home/so/Meistar/install/meistar_description/share/meistar_description/local_setup.dsv
[2.382s] -- Symlinking: /home/so/Meistar/install/meistar_description/share/meistar_description/package.dsv
[2.402s] -- Symlinking: /home/so/Meistar/install/meistar_description/share/ament_index/resource_index/packages/meistar_description
[2.423s] -- Symlinking: /home/so/Meistar/install/meistar_description/share/meistar_description/cmake/meistar_descriptionConfig.cmake
[2.444s] -- Symlinking: /home/so/Meistar/install/meistar_description/share/meistar_description/cmake/meistar_descriptionConfig-version.cmake
[2.464s] -- Symlinking: /home/so/Meistar/install/meistar_description/share/meistar_description/package.xml
[2.488s] Invoked command in '/home/so/Meistar/build/meistar_description' returned '0': CMAKE_PREFIX_PATH=${CMAKE_PREFIX_PATH}:/opt/ros/jazzy DEBUGINFOD_URLS=https://debuginfod.ubuntu.com /usr/bin/cmake --install /home/so/Meistar/build/meistar_description
